INFO - 2026-06-02 18:43:15 --> Login success driver: ali@bus.local
DEBUG - 2026-06-02 18:43:24 --> Session: Class initialized using 'CodeIgniter\Session\Handlers\FileHandler' driver.
DEBUG - 2026-06-02 18:43:25 --> Session: Class initialized using 'CodeIgniter\Session\Handlers\FileHandler' driver.
INFO - 2026-06-02 18:43:38 --> CSRF token verified.
DEBUG - 2026-06-02 18:43:38 --> Session: Class initialized using 'CodeIgniter\Session\Handlers\FileHandler' driver.
INFO - 2026-06-02 18:43:38 --> Web login success: supervisor/SUP001
DEBUG - 2026-06-02 18:43:38 --> Session: Class initialized using 'CodeIgniter\Session\Handlers\FileHandler' driver.
DEBUG - 2026-06-02 18:43:40 --> Session: Class initialized using 'CodeIgniter\Session\Handlers\FileHandler' driver.
DEBUG - 2026-06-02 18:44:12 --> Session: Class initialized using 'CodeIgniter\Session\Handlers\FileHandler' driver.
INFO - 2026-06-02 18:44:19 --> CSRF token verified.
DEBUG - 2026-06-02 18:44:19 --> Session: Class initialized using 'CodeIgniter\Session\Handlers\FileHandler' driver.
DEBUG - 2026-06-02 18:44:20 --> Session: Class initialized using 'CodeIgniter\Session\Handlers\FileHandler' driver.
DEBUG - 2026-06-02 18:44:22 --> Session: Class initialized using 'CodeIgniter\Session\Handlers\FileHandler' driver.
INFO - 2026-06-02 18:44:28 --> CSRF token verified.
DEBUG - 2026-06-02 18:44:28 --> Session: Class initialized using 'CodeIgniter\Session\Handlers\FileHandler' driver.
DEBUG - 2026-06-02 18:44:28 --> Session: Class initialized using 'CodeIgniter\Session\Handlers\FileHandler' driver.
INFO - 2026-06-02 18:44:47 --> Login success driver: ali@bus.local
DEBUG - 2026-06-02 18:45:07 --> Session: Class initialized using 'CodeIgniter\Session\Handlers\FileHandler' driver.
INFO - 2026-06-02 18:45:11 --> CSRF token verified.
DEBUG - 2026-06-02 18:45:11 --> Session: Class initialized using 'CodeIgniter\Session\Handlers\FileHandler' driver.
DEBUG - 2026-06-02 18:45:11 --> Session: Class initialized using 'CodeIgniter\Session\Handlers\FileHandler' driver.
DEBUG - 2026-06-02 18:45:12 --> Session: Class initialized using 'CodeIgniter\Session\Handlers\FileHandler' driver.
DEBUG - 2026-06-02 18:45:14 --> Session: Class initialized using 'CodeIgniter\Session\Handlers\FileHandler' driver.
DEBUG - 2026-06-02 18:45:16 --> Session: Class initialized using 'CodeIgniter\Session\Handlers\FileHandler' driver.
INFO - 2026-06-02 18:45:19 --> CSRF token verified.
DEBUG - 2026-06-02 18:45:19 --> Session: Class initialized using 'CodeIgniter\Session\Handlers\FileHandler' driver.
DEBUG - 2026-06-02 18:45:19 --> Session: Class initialized using 'CodeIgniter\Session\Handlers\FileHandler' driver.
DEBUG - 2026-06-02 18:45:21 --> Session: Class initialized using 'CodeIgniter\Session\Handlers\FileHandler' driver.
INFO - 2026-06-02 18:45:22 --> CSRF token verified.
DEBUG - 2026-06-02 18:45:22 --> Session: Class initialized using 'CodeIgniter\Session\Handlers\FileHandler' driver.
DEBUG - 2026-06-02 18:45:22 --> Session: Class initialized using 'CodeIgniter\Session\Handlers\FileHandler' driver.
DEBUG - 2026-06-02 18:46:19 --> Session: Class initialized using 'CodeIgniter\Session\Handlers\FileHandler' driver.
INFO - 2026-06-02 18:46:37 --> CSRF token verified.
DEBUG - 2026-06-02 18:46:37 --> Session: Class initialized using 'CodeIgniter\Session\Handlers\FileHandler' driver.
DEBUG - 2026-06-02 18:46:37 --> Session: Class initialized using 'CodeIgniter\Session\Handlers\FileHandler' driver.
DEBUG - 2026-06-02 18:47:08 --> Session: Class initialized using 'CodeIgniter\Session\Handlers\FileHandler' driver.
INFO - 2026-06-02 18:47:13 --> CSRF token verified.
DEBUG - 2026-06-02 18:47:13 --> Session: Class initialized using 'CodeIgniter\Session\Handlers\FileHandler' driver.
DEBUG - 2026-06-02 18:47:13 --> Session: Class initialized using 'CodeIgniter\Session\Handlers\FileHandler' driver.
DEBUG - 2026-06-02 18:47:16 --> Session: Class initialized using 'CodeIgniter\Session\Handlers\FileHandler' driver.
DEBUG - 2026-06-02 18:47:26 --> Session: Class initialized using 'CodeIgniter\Session\Handlers\FileHandler' driver.
DEBUG - 2026-06-02 18:48:12 --> Session: Class initialized using 'CodeIgniter\Session\Handlers\FileHandler' driver.
DEBUG - 2026-06-02 18:51:22 --> Session: Class initialized using 'CodeIgniter\Session\Handlers\FileHandler' driver.
DEBUG - 2026-06-02 18:51:23 --> Session: Class initialized using 'CodeIgniter\Session\Handlers\FileHandler' driver.
DEBUG - 2026-06-02 18:51:24 --> Session: Class initialized using 'CodeIgniter\Session\Handlers\FileHandler' driver.
DEBUG - 2026-06-02 18:51:25 --> Session: Class initialized using 'CodeIgniter\Session\Handlers\FileHandler' driver.
DEBUG - 2026-06-02 18:51:26 --> Session: Class initialized using 'CodeIgniter\Session\Handlers\FileHandler' driver.
DEBUG - 2026-06-02 18:51:27 --> Session: Class initialized using 'CodeIgniter\Session\Handlers\FileHandler' driver.
DEBUG - 2026-06-02 18:51:32 --> Session: Class initialized using 'CodeIgniter\Session\Handlers\FileHandler' driver.
DEBUG - 2026-06-02 18:51:33 --> Session: Class initialized using 'CodeIgniter\Session\Handlers\FileHandler' driver.
DEBUG - 2026-06-02 18:51:34 --> Session: Class initialized using 'CodeIgniter\Session\Handlers\FileHandler' driver.
DEBUG - 2026-06-02 18:52:38 --> Session: Class initialized using 'CodeIgniter\Session\Handlers\FileHandler' driver.
DEBUG - 2026-06-02 18:52:39 --> Session: Class initialized using 'CodeIgniter\Session\Handlers\FileHandler' driver.
DEBUG - 2026-06-02 18:52:57 --> Session: Class initialized using 'CodeIgniter\Session\Handlers\FileHandler' driver.
DEBUG - 2026-06-02 18:55:06 --> Session: Class initialized using 'CodeIgniter\Session\Handlers\FileHandler' driver.
DEBUG - 2026-06-02 18:55:26 --> Session: Class initialized using 'CodeIgniter\Session\Handlers\FileHandler' driver.
DEBUG - 2026-06-02 18:55:26 --> Session: Class initialized using 'CodeIgniter\Session\Handlers\FileHandler' driver.
DEBUG - 2026-06-02 18:55:27 --> Session: Class initialized using 'CodeIgniter\Session\Handlers\FileHandler' driver.
DEBUG - 2026-06-02 18:55:28 --> Session: Class initialized using 'CodeIgniter\Session\Handlers\FileHandler' driver.
DEBUG - 2026-06-02 18:55:37 --> Session: Class initialized using 'CodeIgniter\Session\Handlers\FileHandler' driver.
DEBUG - 2026-06-02 18:55:39 --> Session: Class initialized using 'CodeIgniter\Session\Handlers\FileHandler' driver.
INFO - 2026-06-02 18:55:56 --> CSRF token verified.
DEBUG - 2026-06-02 18:55:56 --> Session: Class initialized using 'CodeIgniter\Session\Handlers\FileHandler' driver.
DEBUG - 2026-06-02 18:55:56 --> Session: Class initialized using 'CodeIgniter\Session\Handlers\FileHandler' driver.
DEBUG - 2026-06-02 18:56:05 --> Session: Class initialized using 'CodeIgniter\Session\Handlers\FileHandler' driver.
DEBUG - 2026-06-02 18:56:07 --> Session: Class initialized using 'CodeIgniter\Session\Handlers\FileHandler' driver.
DEBUG - 2026-06-02 18:56:12 --> Session: Class initialized using 'CodeIgniter\Session\Handlers\FileHandler' driver.
INFO - 2026-06-02 18:56:26 --> CSRF token verified.
DEBUG - 2026-06-02 18:56:26 --> Session: Class initialized using 'CodeIgniter\Session\Handlers\FileHandler' driver.
DEBUG - 2026-06-02 18:56:27 --> Session: Class initialized using 'CodeIgniter\Session\Handlers\FileHandler' driver.
DEBUG - 2026-06-02 18:56:41 --> Session: Class initialized using 'CodeIgniter\Session\Handlers\FileHandler' driver.
INFO - 2026-06-02 18:56:58 --> CSRF token verified.
DEBUG - 2026-06-02 18:56:58 --> Session: Class initialized using 'CodeIgniter\Session\Handlers\FileHandler' driver.
DEBUG - 2026-06-02 18:56:58 --> Session: Class initialized using 'CodeIgniter\Session\Handlers\FileHandler' driver.
DEBUG - 2026-06-02 18:57:09 --> Session: Class initialized using 'CodeIgniter\Session\Handlers\FileHandler' driver.
INFO - 2026-06-02 18:57:28 --> CSRF token verified.
DEBUG - 2026-06-02 18:57:28 --> Session: Class initialized using 'CodeIgniter\Session\Handlers\FileHandler' driver.
DEBUG - 2026-06-02 18:57:28 --> Session: Class initialized using 'CodeIgniter\Session\Handlers\FileHandler' driver.
DEBUG - 2026-06-02 19:28:36 --> Session: Class initialized using 'CodeIgniter\Session\Handlers\FileHandler' driver.
INFO - 2026-06-02 19:30:24 --> CSRF token verified.
DEBUG - 2026-06-02 19:30:24 --> Session: Class initialized using 'CodeIgniter\Session\Handlers\FileHandler' driver.
INFO - 2026-06-02 19:30:24 --> Web login success: supervisor/SUP001
DEBUG - 2026-06-02 19:30:25 --> Session: Class initialized using 'CodeIgniter\Session\Handlers\FileHandler' driver.
DEBUG - 2026-06-02 19:30:27 --> Session: Class initialized using 'CodeIgniter\Session\Handlers\FileHandler' driver.
DEBUG - 2026-06-02 19:32:41 --> Session: Class initialized using 'CodeIgniter\Session\Handlers\FileHandler' driver.
INFO - 2026-06-02 19:32:43 --> CSRF token verified.
DEBUG - 2026-06-02 19:32:43 --> Session: Class initialized using 'CodeIgniter\Session\Handlers\FileHandler' driver.
DEBUG - 2026-06-02 19:32:43 --> Session: Class initialized using 'CodeIgniter\Session\Handlers\FileHandler' driver.
DEBUG - 2026-06-02 19:32:44 --> Session: Class initialized using 'CodeIgniter\Session\Handlers\FileHandler' driver.
DEBUG - 2026-06-02 19:32:51 --> Session: Class initialized using 'CodeIgniter\Session\Handlers\FileHandler' driver.
DEBUG - 2026-06-02 19:32:52 --> Session: Class initialized using 'CodeIgniter\Session\Handlers\FileHandler' driver.
DEBUG - 2026-06-02 19:33:17 --> Session: Class initialized using 'CodeIgniter\Session\Handlers\FileHandler' driver.
DEBUG - 2026-06-02 19:33:18 --> Session: Class initialized using 'CodeIgniter\Session\Handlers\FileHandler' driver.
DEBUG - 2026-06-02 19:33:19 --> Session: Class initialized using 'CodeIgniter\Session\Handlers\FileHandler' driver.
DEBUG - 2026-06-02 19:33:20 --> Session: Class initialized using 'CodeIgniter\Session\Handlers\FileHandler' driver.
DEBUG - 2026-06-02 19:33:22 --> Session: Class initialized using 'CodeIgniter\Session\Handlers\FileHandler' driver.
DEBUG - 2026-06-02 19:33:22 --> Session: Class initialized using 'CodeIgniter\Session\Handlers\FileHandler' driver.
DEBUG - 2026-06-02 19:33:23 --> Session: Class initialized using 'CodeIgniter\Session\Handlers\FileHandler' driver.
DEBUG - 2026-06-02 19:33:24 --> Session: Class initialized using 'CodeIgniter\Session\Handlers\FileHandler' driver.
DEBUG - 2026-06-02 19:33:50 --> Session: Class initialized using 'CodeIgniter\Session\Handlers\FileHandler' driver.
DEBUG - 2026-06-02 19:34:42 --> Session: Class initialized using 'CodeIgniter\Session\Handlers\FileHandler' driver.
DEBUG - 2026-06-02 19:34:43 --> Session: Class initialized using 'CodeIgniter\Session\Handlers\FileHandler' driver.
DEBUG - 2026-06-02 19:34:46 --> Session: Class initialized using 'CodeIgniter\Session\Handlers\FileHandler' driver.
INFO - 2026-06-02 19:34:49 --> CSRF token verified.
DEBUG - 2026-06-02 19:34:49 --> Session: Class initialized using 'CodeIgniter\Session\Handlers\FileHandler' driver.
DEBUG - 2026-06-02 19:34:49 --> Session: Class initialized using 'CodeIgniter\Session\Handlers\FileHandler' driver.
DEBUG - 2026-06-02 19:34:50 --> Session: Class initialized using 'CodeIgniter\Session\Handlers\FileHandler' driver.
DEBUG - 2026-06-02 19:35:15 --> Session: Class initialized using 'CodeIgniter\Session\Handlers\FileHandler' driver.
DEBUG - 2026-06-02 19:35:16 --> Session: Class initialized using 'CodeIgniter\Session\Handlers\FileHandler' driver.
INFO - 2026-06-02 19:35:21 --> CSRF token verified.
DEBUG - 2026-06-02 19:35:21 --> Session: Class initialized using 'CodeIgniter\Session\Handlers\FileHandler' driver.
DEBUG - 2026-06-02 19:35:22 --> Session: Class initialized using 'CodeIgniter\Session\Handlers\FileHandler' driver.
ERROR - 2026-06-02 19:37:41 --> MySQL server has gone away
in SYSTEMPATH\Database\MySQLi\Connection.php on line 300.
 1 SYSTEMPATH\Database\MySQLi\Connection.php(300): mysqli->query('SELECT `s`.`schedule_id`, `s`.`driver_id`, `s`.`schedule_date`, `s`.`expected_start`, `s`.`expected_end`, `s`.`actual_start`, `s`.`actual_end`, `s`.`job_status`, `s`.`is_synced`, `b`.`bus_id`, `b`.`plate_number`, `b`.`mac_address`, `d`.`full_name` AS `driver_name`, `r`.`route_id`, `r`.`route_name`, `r`.`origin`, `r`.`destination`
FROM `schedules` `s`
JOIN `buses` `b` ON `b`.`bus_id`   = `s`.`bus_id`
JOIN `drivers` `d` ON `d`.`driver_id` = `s`.`driver_id`
JOIN `routes` `r` ON `r`.`route_id`  = `s`.`route_id`
WHERE `b`.`mac_address` = \'00:13:10:85:FE:01\'
AND `s`.`schedule_date` = \'2026-06-02\'
AND `s`.`driver_id` = 1
ORDER BY `s`.`expected_start` ASC', 0)
 2 SYSTEMPATH\Database\BaseConnection.php(910): CodeIgniter\Database\MySQLi\Connection->execute('SELECT `s`.`schedule_id`, `s`.`driver_id`, `s`.`schedule_date`, `s`.`expected_start`, `s`.`expected_end`, `s`.`actual_start`, `s`.`actual_end`, `s`.`job_status`, `s`.`is_synced`, `b`.`bus_id`, `b`.`plate_number`, `b`.`mac_address`, `d`.`full_name` AS `driver_name`, `r`.`route_id`, `r`.`route_name`, `r`.`origin`, `r`.`destination`
FROM `schedules` `s`
JOIN `buses` `b` ON `b`.`bus_id`   = `s`.`bus_id`
JOIN `drivers` `d` ON `d`.`driver_id` = `s`.`driver_id`
JOIN `routes` `r` ON `r`.`route_id`  = `s`.`route_id`
WHERE `b`.`mac_address` = \'00:13:10:85:FE:01\'
AND `s`.`schedule_date` = \'2026-06-02\'
AND `s`.`driver_id` = 1
ORDER BY `s`.`expected_start` ASC')
 3 SYSTEMPATH\Database\BaseConnection.php(827): CodeIgniter\Database\BaseConnection->simpleQuery('SELECT `s`.`schedule_id`, `s`.`driver_id`, `s`.`schedule_date`, `s`.`expected_start`, `s`.`expected_end`, `s`.`actual_start`, `s`.`actual_end`, `s`.`job_status`, `s`.`is_synced`, `b`.`bus_id`, `b`.`plate_number`, `b`.`mac_address`, `d`.`full_name` AS `driver_name`, `r`.`route_id`, `r`.`route_name`, `r`.`origin`, `r`.`destination`
FROM `schedules` `s`
JOIN `buses` `b` ON `b`.`bus_id`   = `s`.`bus_id`
JOIN `drivers` `d` ON `d`.`driver_id` = `s`.`driver_id`
JOIN `routes` `r` ON `r`.`route_id`  = `s`.`route_id`
WHERE `b`.`mac_address` = \'00:13:10:85:FE:01\'
AND `s`.`schedule_date` = \'2026-06-02\'
AND `s`.`driver_id` = 1
ORDER BY `s`.`expected_start` ASC')
 4 SYSTEMPATH\Database\BaseBuilder.php(1649): CodeIgniter\Database\BaseConnection->query('SELECT `s`.`schedule_id`, `s`.`driver_id`, `s`.`schedule_date`, `s`.`expected_start`, `s`.`expected_end`, `s`.`actual_start`, `s`.`actual_end`, `s`.`job_status`, `s`.`is_synced`, `b`.`bus_id`, `b`.`plate_number`, `b`.`mac_address`, `d`.`full_name` AS `driver_name`, `r`.`route_id`, `r`.`route_name`, `r`.`origin`, `r`.`destination`
FROM `schedules` `s`
JOIN `buses` `b` ON `b`.`bus_id`   = `s`.`bus_id`
JOIN `drivers` `d` ON `d`.`driver_id` = `s`.`driver_id`
JOIN `routes` `r` ON `r`.`route_id`  = `s`.`route_id`
WHERE `b`.`mac_address` = :b.mac_address:
AND `s`.`schedule_date` = :s.schedule_date:
AND `s`.`driver_id` = :s.driver_id:
ORDER BY `s`.`expected_start` ASC', [...], false)
 5 APPPATH\Controllers\ScheduleController.php(77): CodeIgniter\Database\BaseBuilder->get()
 6 SYSTEMPATH\CodeIgniter.php(951): App\Controllers\ScheduleController->fetchByMac('00:13:10:85:FE:01')
 7 SYSTEMPATH\CodeIgniter.php(497): CodeIgniter\CodeIgniter->runController(Object(App\Controllers\ScheduleController))
 8 SYSTEMPATH\CodeIgniter.php(340): CodeIgniter\CodeIgniter->handleRequest(null, Object(Config\Cache), false)
 9 SYSTEMPATH\Boot.php(417): CodeIgniter\CodeIgniter->run()
10 SYSTEMPATH\Boot.php(68): CodeIgniter\Boot::runCodeIgniter(Object(CodeIgniter\CodeIgniter))
11 FCPATH\index.php(59): CodeIgniter\Boot::bootWeb(Object(Config\Paths))
CRITICAL - 2026-06-02 19:37:41 --> ErrorException: Maximum execution time of 120 seconds exceeded
[Method: GET, Route: supervisor/unassigned]
in SYSTEMPATH\Database\MySQLi\Connection.php on line 301.
 1 [internal function]: CodeIgniter\Debug\Exceptions->shutdownHandler()
CRITICAL - 2026-06-02 19:37:41 --> CodeIgniter\Database\Exceptions\DatabaseException: MySQL server has gone away
[Method: GET, Route: api/schedule/byMac/00:13:10:85:FE:01]
in SYSTEMPATH\Database\BaseConnection.php on line 865.
 1 SYSTEMPATH\Database\BaseBuilder.php(1649): CodeIgniter\Database\BaseConnection->query('SELECT `s`.`schedule_id`, `s`.`driver_id`, `s`.`schedule_date`, `s`.`expected_start`, `s`.`expected_end`, `s`.`actual_start`, `s`.`actual_end`, `s`.`job_status`, `s`.`is_synced`, `b`.`bus_id`, `b`.`plate_number`, `b`.`mac_address`, `d`.`full_name` AS `driver_name`, `r`.`route_id`, `r`.`route_name`, `r`.`origin`, `r`.`destination`
FROM `schedules` `s`
JOIN `buses` `b` ON `b`.`bus_id`   = `s`.`bus_id`
JOIN `drivers` `d` ON `d`.`driver_id` = `s`.`driver_id`
JOIN `routes` `r` ON `r`.`route_id`  = `s`.`route_id`
WHERE `b`.`mac_address` = :b.mac_address:
AND `s`.`schedule_date` = :s.schedule_date:
AND `s`.`driver_id` = :s.driver_id:
ORDER BY `s`.`expected_start` ASC', [...], false)
 2 APPPATH\Controllers\ScheduleController.php(77): CodeIgniter\Database\BaseBuilder->get()
 3 SYSTEMPATH\CodeIgniter.php(951): App\Controllers\ScheduleController->fetchByMac('00:13:10:85:FE:01')
 4 SYSTEMPATH\CodeIgniter.php(497): CodeIgniter\CodeIgniter->runController(Object(App\Controllers\ScheduleController))
 5 SYSTEMPATH\CodeIgniter.php(340): CodeIgniter\CodeIgniter->handleRequest(null, Object(Config\Cache), false)
 6 SYSTEMPATH\Boot.php(417): CodeIgniter\CodeIgniter->run()
 7 SYSTEMPATH\Boot.php(68): CodeIgniter\Boot::runCodeIgniter(Object(CodeIgniter\CodeIgniter))
 8 FCPATH\index.php(59): CodeIgniter\Boot::bootWeb(Object(Config\Paths))
CRITICAL - 2026-06-02 19:37:41 --> [Caused by] CodeIgniter\Database\Exceptions\DatabaseException: MySQL server has gone away
in SYSTEMPATH\Database\MySQLi\Connection.php on line 310.
 1 SYSTEMPATH\Database\BaseConnection.php(910): CodeIgniter\Database\MySQLi\Connection->execute('SELECT `s`.`schedule_id`, `s`.`driver_id`, `s`.`schedule_date`, `s`.`expected_start`, `s`.`expected_end`, `s`.`actual_start`, `s`.`actual_end`, `s`.`job_status`, `s`.`is_synced`, `b`.`bus_id`, `b`.`plate_number`, `b`.`mac_address`, `d`.`full_name` AS `driver_name`, `r`.`route_id`, `r`.`route_name`, `r`.`origin`, `r`.`destination`
FROM `schedules` `s`
JOIN `buses` `b` ON `b`.`bus_id`   = `s`.`bus_id`
JOIN `drivers` `d` ON `d`.`driver_id` = `s`.`driver_id`
JOIN `routes` `r` ON `r`.`route_id`  = `s`.`route_id`
WHERE `b`.`mac_address` = \'00:13:10:85:FE:01\'
AND `s`.`schedule_date` = \'2026-06-02\'
AND `s`.`driver_id` = 1
ORDER BY `s`.`expected_start` ASC')
 2 SYSTEMPATH\Database\BaseConnection.php(827): CodeIgniter\Database\BaseConnection->simpleQuery('SELECT `s`.`schedule_id`, `s`.`driver_id`, `s`.`schedule_date`, `s`.`expected_start`, `s`.`expected_end`, `s`.`actual_start`, `s`.`actual_end`, `s`.`job_status`, `s`.`is_synced`, `b`.`bus_id`, `b`.`plate_number`, `b`.`mac_address`, `d`.`full_name` AS `driver_name`, `r`.`route_id`, `r`.`route_name`, `r`.`origin`, `r`.`destination`
FROM `schedules` `s`
JOIN `buses` `b` ON `b`.`bus_id`   = `s`.`bus_id`
JOIN `drivers` `d` ON `d`.`driver_id` = `s`.`driver_id`
JOIN `routes` `r` ON `r`.`route_id`  = `s`.`route_id`
WHERE `b`.`mac_address` = \'00:13:10:85:FE:01\'
AND `s`.`schedule_date` = \'2026-06-02\'
AND `s`.`driver_id` = 1
ORDER BY `s`.`expected_start` ASC')
 3 SYSTEMPATH\Database\BaseBuilder.php(1649): CodeIgniter\Database\BaseConnection->query('SELECT `s`.`schedule_id`, `s`.`driver_id`, `s`.`schedule_date`, `s`.`expected_start`, `s`.`expected_end`, `s`.`actual_start`, `s`.`actual_end`, `s`.`job_status`, `s`.`is_synced`, `b`.`bus_id`, `b`.`plate_number`, `b`.`mac_address`, `d`.`full_name` AS `driver_name`, `r`.`route_id`, `r`.`route_name`, `r`.`origin`, `r`.`destination`
FROM `schedules` `s`
JOIN `buses` `b` ON `b`.`bus_id`   = `s`.`bus_id`
JOIN `drivers` `d` ON `d`.`driver_id` = `s`.`driver_id`
JOIN `routes` `r` ON `r`.`route_id`  = `s`.`route_id`
WHERE `b`.`mac_address` = :b.mac_address:
AND `s`.`schedule_date` = :s.schedule_date:
AND `s`.`driver_id` = :s.driver_id:
ORDER BY `s`.`expected_start` ASC', [...], false)
 4 APPPATH\Controllers\ScheduleController.php(77): CodeIgniter\Database\BaseBuilder->get()
 5 SYSTEMPATH\CodeIgniter.php(951): App\Controllers\ScheduleController->fetchByMac('00:13:10:85:FE:01')
 6 SYSTEMPATH\CodeIgniter.php(497): CodeIgniter\CodeIgniter->runController(Object(App\Controllers\ScheduleController))
 7 SYSTEMPATH\CodeIgniter.php(340): CodeIgniter\CodeIgniter->handleRequest(null, Object(Config\Cache), false)
 8 SYSTEMPATH\Boot.php(417): CodeIgniter\CodeIgniter->run()
 9 SYSTEMPATH\Boot.php(68): CodeIgniter\Boot::runCodeIgniter(Object(CodeIgniter\CodeIgniter))
10 FCPATH\index.php(59): CodeIgniter\Boot::bootWeb(Object(Config\Paths))
CRITICAL - 2026-06-02 19:37:41 --> [Caused by] mysqli_sql_exception: MySQL server has gone away
in SYSTEMPATH\Database\MySQLi\Connection.php on line 300.
 1 SYSTEMPATH\Database\MySQLi\Connection.php(300): mysqli->query('SELECT `s`.`schedule_id`, `s`.`driver_id`, `s`.`schedule_date`, `s`.`expected_start`, `s`.`expected_end`, `s`.`actual_start`, `s`.`actual_end`, `s`.`job_status`, `s`.`is_synced`, `b`.`bus_id`, `b`.`plate_number`, `b`.`mac_address`, `d`.`full_name` AS `driver_name`, `r`.`route_id`, `r`.`route_name`, `r`.`origin`, `r`.`destination`
FROM `schedules` `s`
JOIN `buses` `b` ON `b`.`bus_id`   = `s`.`bus_id`
JOIN `drivers` `d` ON `d`.`driver_id` = `s`.`driver_id`
JOIN `routes` `r` ON `r`.`route_id`  = `s`.`route_id`
WHERE `b`.`mac_address` = \'00:13:10:85:FE:01\'
AND `s`.`schedule_date` = \'2026-06-02\'
AND `s`.`driver_id` = 1
ORDER BY `s`.`expected_start` ASC', 0)
 2 SYSTEMPATH\Database\BaseConnection.php(910): CodeIgniter\Database\MySQLi\Connection->execute('SELECT `s`.`schedule_id`, `s`.`driver_id`, `s`.`schedule_date`, `s`.`expected_start`, `s`.`expected_end`, `s`.`actual_start`, `s`.`actual_end`, `s`.`job_status`, `s`.`is_synced`, `b`.`bus_id`, `b`.`plate_number`, `b`.`mac_address`, `d`.`full_name` AS `driver_name`, `r`.`route_id`, `r`.`route_name`, `r`.`origin`, `r`.`destination`
FROM `schedules` `s`
JOIN `buses` `b` ON `b`.`bus_id`   = `s`.`bus_id`
JOIN `drivers` `d` ON `d`.`driver_id` = `s`.`driver_id`
JOIN `routes` `r` ON `r`.`route_id`  = `s`.`route_id`
WHERE `b`.`mac_address` = \'00:13:10:85:FE:01\'
AND `s`.`schedule_date` = \'2026-06-02\'
AND `s`.`driver_id` = 1
ORDER BY `s`.`expected_start` ASC')
 3 SYSTEMPATH\Database\BaseConnection.php(827): CodeIgniter\Database\BaseConnection->simpleQuery('SELECT `s`.`schedule_id`, `s`.`driver_id`, `s`.`schedule_date`, `s`.`expected_start`, `s`.`expected_end`, `s`.`actual_start`, `s`.`actual_end`, `s`.`job_status`, `s`.`is_synced`, `b`.`bus_id`, `b`.`plate_number`, `b`.`mac_address`, `d`.`full_name` AS `driver_name`, `r`.`route_id`, `r`.`route_name`, `r`.`origin`, `r`.`destination`
FROM `schedules` `s`
JOIN `buses` `b` ON `b`.`bus_id`   = `s`.`bus_id`
JOIN `drivers` `d` ON `d`.`driver_id` = `s`.`driver_id`
JOIN `routes` `r` ON `r`.`route_id`  = `s`.`route_id`
WHERE `b`.`mac_address` = \'00:13:10:85:FE:01\'
AND `s`.`schedule_date` = \'2026-06-02\'
AND `s`.`driver_id` = 1
ORDER BY `s`.`expected_start` ASC')
 4 SYSTEMPATH\Database\BaseBuilder.php(1649): CodeIgniter\Database\BaseConnection->query('SELECT `s`.`schedule_id`, `s`.`driver_id`, `s`.`schedule_date`, `s`.`expected_start`, `s`.`expected_end`, `s`.`actual_start`, `s`.`actual_end`, `s`.`job_status`, `s`.`is_synced`, `b`.`bus_id`, `b`.`plate_number`, `b`.`mac_address`, `d`.`full_name` AS `driver_name`, `r`.`route_id`, `r`.`route_name`, `r`.`origin`, `r`.`destination`
FROM `schedules` `s`
JOIN `buses` `b` ON `b`.`bus_id`   = `s`.`bus_id`
JOIN `drivers` `d` ON `d`.`driver_id` = `s`.`driver_id`
JOIN `routes` `r` ON `r`.`route_id`  = `s`.`route_id`
WHERE `b`.`mac_address` = :b.mac_address:
AND `s`.`schedule_date` = :s.schedule_date:
AND `s`.`driver_id` = :s.driver_id:
ORDER BY `s`.`expected_start` ASC', [...], false)
 5 APPPATH\Controllers\ScheduleController.php(77): CodeIgniter\Database\BaseBuilder->get()
 6 SYSTEMPATH\CodeIgniter.php(951): App\Controllers\ScheduleController->fetchByMac('00:13:10:85:FE:01')
 7 SYSTEMPATH\CodeIgniter.php(497): CodeIgniter\CodeIgniter->runController(Object(App\Controllers\ScheduleController))
 8 SYSTEMPATH\CodeIgniter.php(340): CodeIgniter\CodeIgniter->handleRequest(null, Object(Config\Cache), false)
 9 SYSTEMPATH\Boot.php(417): CodeIgniter\CodeIgniter->run()
10 SYSTEMPATH\Boot.php(68): CodeIgniter\Boot::runCodeIgniter(Object(CodeIgniter\CodeIgniter))
11 FCPATH\index.php(59): CodeIgniter\Boot::bootWeb(Object(Config\Paths))
DEBUG - 2026-06-02 19:37:41 --> Session: Class initialized using 'CodeIgniter\Session\Handlers\FileHandler' driver.
DEBUG - 2026-06-02 19:37:49 --> Session: Class initialized using 'CodeIgniter\Session\Handlers\FileHandler' driver.
ERROR - 2026-06-02 19:37:53 --> Error connecting to the database: mysqli_sql_exception: MySQL server has gone away in C:\xampp\htdocs\ci4\system\Database\MySQLi\Connection.php:201
Stack trace:
#0 C:\xampp\htdocs\ci4\system\Database\MySQLi\Connection.php(201): mysqli->real_connect('localhost', 'root', Object(SensitiveParameterValue), 'smart_bus', 3306, '', 0)
#1 C:\xampp\htdocs\ci4\system\Database\BaseConnection.php(555): CodeIgniter\Database\MySQLi\Connection->connect(false)
#2 C:\xampp\htdocs\ci4\system\Database\BaseConnection.php(795): CodeIgniter\Database\BaseConnection->initialize()
#3 C:\xampp\htdocs\ci4\system\Database\BaseBuilder.php(1733): CodeIgniter\Database\BaseConnection->query('SELECT COUNT(*)...', Array, false)
#4 C:\xampp\htdocs\ci4\app\Controllers\Web\SupervisorController.php(37): CodeIgniter\Database\BaseBuilder->countAllResults()
#5 C:\xampp\htdocs\ci4\system\CodeIgniter.php(951): App\Controllers\Web\SupervisorController->dashboard()
#6 C:\xampp\htdocs\ci4\system\CodeIgniter.php(497): CodeIgniter\CodeIgniter->runController(Object(App\Controllers\Web\SupervisorController))
#7 C:\xampp\htdocs\ci4\system\CodeIgniter.php(340): CodeIgniter\CodeIgniter->handleRequest(NULL, Object(Config\Cache), false)
#8 C:\xampp\htdocs\ci4\system\Boot.php(417): CodeIgniter\CodeIgniter->run()
#9 C:\xampp\htdocs\ci4\system\Boot.php(68): CodeIgniter\Boot::runCodeIgniter(Object(CodeIgniter\CodeIgniter))
#10 C:\xampp\htdocs\ci4\public\index.php(59): CodeIgniter\Boot::bootWeb(Object(Config\Paths))
#11 {main}

Next CodeIgniter\Database\Exceptions\DatabaseException: MySQL server has gone away in C:\xampp\htdocs\ci4\system\Database\MySQLi\Connection.php:231
Stack trace:
#0 C:\xampp\htdocs\ci4\system\Database\BaseConnection.php(555): CodeIgniter\Database\MySQLi\Connection->connect(false)
#1 C:\xampp\htdocs\ci4\system\Database\BaseConnection.php(795): CodeIgniter\Database\BaseConnection->initialize()
#2 C:\xampp\htdocs\ci4\system\Database\BaseBuilder.php(1733): CodeIgniter\Database\BaseConnection->query('SELECT COUNT(*)...', Array, false)
#3 C:\xampp\htdocs\ci4\app\Controllers\Web\SupervisorController.php(37): CodeIgniter\Database\BaseBuilder->countAllResults()
#4 C:\xampp\htdocs\ci4\system\CodeIgniter.php(951): App\Controllers\Web\SupervisorController->dashboard()
#5 C:\xampp\htdocs\ci4\system\CodeIgniter.php(497): CodeIgniter\CodeIgniter->runController(Object(App\Controllers\Web\SupervisorController))
#6 C:\xampp\htdocs\ci4\system\CodeIgniter.php(340): CodeIgniter\CodeIgniter->handleRequest(NULL, Object(Config\Cache), false)
#7 C:\xampp\htdocs\ci4\system\Boot.php(417): CodeIgniter\CodeIgniter->run()
#8 C:\xampp\htdocs\ci4\system\Boot.php(68): CodeIgniter\Boot::runCodeIgniter(Object(CodeIgniter\CodeIgniter))
#9 C:\xampp\htdocs\ci4\public\index.php(59): CodeIgniter\Boot::bootWeb(Object(Config\Paths))
#10 {main}
CRITICAL - 2026-06-02 19:37:53 --> CodeIgniter\Database\Exceptions\DatabaseException: Unable to connect to the database.
Main connection [MySQLi]: MySQL server has gone away
[Method: GET, Route: supervisor/dashboard]
in SYSTEMPATH\Database\BaseConnection.php on line 606.
 1 SYSTEMPATH\Database\BaseConnection.php(795): CodeIgniter\Database\BaseConnection->initialize()
 2 SYSTEMPATH\Database\BaseBuilder.php(1733): CodeIgniter\Database\BaseConnection->query('SELECT COUNT(*) AS `numrows`
FROM `schedules`
WHERE `schedule_date` = :schedule_date:', [...], false)
 3 APPPATH\Controllers\Web\SupervisorController.php(37): CodeIgniter\Database\BaseBuilder->countAllResults()
 4 SYSTEMPATH\CodeIgniter.php(951): App\Controllers\Web\SupervisorController->dashboard()
 5 SYSTEMPATH\CodeIgniter.php(497): CodeIgniter\CodeIgniter->runController(Object(App\Controllers\Web\SupervisorController))
 6 SYSTEMPATH\CodeIgniter.php(340): CodeIgniter\CodeIgniter->handleRequest(null, Object(Config\Cache), false)
 7 SYSTEMPATH\Boot.php(417): CodeIgniter\CodeIgniter->run()
 8 SYSTEMPATH\Boot.php(68): CodeIgniter\Boot::runCodeIgniter(Object(CodeIgniter\CodeIgniter))
 9 FCPATH\index.php(59): CodeIgniter\Boot::bootWeb(Object(Config\Paths))
DEBUG - 2026-06-02 19:38:08 --> Session: Class initialized using 'CodeIgniter\Session\Handlers\FileHandler' driver.
ERROR - 2026-06-02 19:38:12 --> Error connecting to the database: mysqli_sql_exception: No connection could be made because the target machine actively refused it in C:\xampp\htdocs\ci4\system\Database\MySQLi\Connection.php:201
Stack trace:
#0 C:\xampp\htdocs\ci4\system\Database\MySQLi\Connection.php(201): mysqli->real_connect('localhost', 'root', Object(SensitiveParameterValue), 'smart_bus', 3306, '', 0)
#1 C:\xampp\htdocs\ci4\system\Database\BaseConnection.php(555): CodeIgniter\Database\MySQLi\Connection->connect(false)
#2 C:\xampp\htdocs\ci4\system\Database\BaseConnection.php(795): CodeIgniter\Database\BaseConnection->initialize()
#3 C:\xampp\htdocs\ci4\system\Database\BaseBuilder.php(1649): CodeIgniter\Database\BaseConnection->query('SELECT `s`.*, `...', Array, false)
#4 C:\xampp\htdocs\ci4\app\Controllers\Web\SupervisorController.php(86): CodeIgniter\Database\BaseBuilder->get()
#5 C:\xampp\htdocs\ci4\system\CodeIgniter.php(951): App\Controllers\Web\SupervisorController->schedules()
#6 C:\xampp\htdocs\ci4\system\CodeIgniter.php(497): CodeIgniter\CodeIgniter->runController(Object(App\Controllers\Web\SupervisorController))
#7 C:\xampp\htdocs\ci4\system\CodeIgniter.php(340): CodeIgniter\CodeIgniter->handleRequest(NULL, Object(Config\Cache), false)
#8 C:\xampp\htdocs\ci4\system\Boot.php(417): CodeIgniter\CodeIgniter->run()
#9 C:\xampp\htdocs\ci4\system\Boot.php(68): CodeIgniter\Boot::runCodeIgniter(Object(CodeIgniter\CodeIgniter))
#10 C:\xampp\htdocs\ci4\public\index.php(59): CodeIgniter\Boot::bootWeb(Object(Config\Paths))
#11 {main}

Next CodeIgniter\Database\Exceptions\DatabaseException: No connection could be made because the target machine actively refused it in C:\xampp\htdocs\ci4\system\Database\MySQLi\Connection.php:231
Stack trace:
#0 C:\xampp\htdocs\ci4\system\Database\BaseConnection.php(555): CodeIgniter\Database\MySQLi\Connection->connect(false)
#1 C:\xampp\htdocs\ci4\system\Database\BaseConnection.php(795): CodeIgniter\Database\BaseConnection->initialize()
#2 C:\xampp\htdocs\ci4\system\Database\BaseBuilder.php(1649): CodeIgniter\Database\BaseConnection->query('SELECT `s`.*, `...', Array, false)
#3 C:\xampp\htdocs\ci4\app\Controllers\Web\SupervisorController.php(86): CodeIgniter\Database\BaseBuilder->get()
#4 C:\xampp\htdocs\ci4\system\CodeIgniter.php(951): App\Controllers\Web\SupervisorController->schedules()
#5 C:\xampp\htdocs\ci4\system\CodeIgniter.php(497): CodeIgniter\CodeIgniter->runController(Object(App\Controllers\Web\SupervisorController))
#6 C:\xampp\htdocs\ci4\system\CodeIgniter.php(340): CodeIgniter\CodeIgniter->handleRequest(NULL, Object(Config\Cache), false)
#7 C:\xampp\htdocs\ci4\system\Boot.php(417): CodeIgniter\CodeIgniter->run()
#8 C:\xampp\htdocs\ci4\system\Boot.php(68): CodeIgniter\Boot::runCodeIgniter(Object(CodeIgniter\CodeIgniter))
#9 C:\xampp\htdocs\ci4\public\index.php(59): CodeIgniter\Boot::bootWeb(Object(Config\Paths))
#10 {main}
CRITICAL - 2026-06-02 19:38:12 --> CodeIgniter\Database\Exceptions\DatabaseException: Unable to connect to the database.
Main connection [MySQLi]: No connection could be made because the target machine actively refused it
[Method: GET, Route: supervisor/schedules]
in SYSTEMPATH\Database\BaseConnection.php on line 606.
 1 SYSTEMPATH\Database\BaseConnection.php(795): CodeIgniter\Database\BaseConnection->initialize()
 2 SYSTEMPATH\Database\BaseBuilder.php(1649): CodeIgniter\Database\BaseConnection->query('SELECT `s`.*, `d`.`full_name` AS `driver_name`, `r`.`route_name`, `r`.`origin`, `r`.`destination`, `b`.`plate_number`
FROM `schedules` `s`
LEFT JOIN `drivers` `d` ON `d`.`driver_id` = `s`.`driver_id`
JOIN `routes` `r` ON `r`.`route_id`  = `s`.`route_id`
JOIN `buses` `b` ON `b`.`bus_id`    = `s`.`bus_id`
ORDER BY `s`.`schedule_date` DESC, `s`.`expected_start` ASC', [], false)
 3 APPPATH\Controllers\Web\SupervisorController.php(86): CodeIgniter\Database\BaseBuilder->get()
 4 SYSTEMPATH\CodeIgniter.php(951): App\Controllers\Web\SupervisorController->schedules()
 5 SYSTEMPATH\CodeIgniter.php(497): CodeIgniter\CodeIgniter->runController(Object(App\Controllers\Web\SupervisorController))
 6 SYSTEMPATH\CodeIgniter.php(340): CodeIgniter\CodeIgniter->handleRequest(null, Object(Config\Cache), false)
 7 SYSTEMPATH\Boot.php(417): CodeIgniter\CodeIgniter->run()
 8 SYSTEMPATH\Boot.php(68): CodeIgniter\Boot::runCodeIgniter(Object(CodeIgniter\CodeIgniter))
 9 FCPATH\index.php(59): CodeIgniter\Boot::bootWeb(Object(Config\Paths))
DEBUG - 2026-06-02 19:38:26 --> Session: Class initialized using 'CodeIgniter\Session\Handlers\FileHandler' driver.
DEBUG - 2026-06-02 19:38:27 --> Session: Class initialized using 'CodeIgniter\Session\Handlers\FileHandler' driver.
DEBUG - 2026-06-02 19:38:28 --> Session: Class initialized using 'CodeIgniter\Session\Handlers\FileHandler' driver.
INFO - 2026-06-02 19:38:44 --> CSRF token verified.
DEBUG - 2026-06-02 19:38:44 --> Session: Class initialized using 'CodeIgniter\Session\Handlers\FileHandler' driver.
DEBUG - 2026-06-02 19:38:44 --> Session: Class initialized using 'CodeIgniter\Session\Handlers\FileHandler' driver.
DEBUG - 2026-06-02 19:38:59 --> Session: Class initialized using 'CodeIgniter\Session\Handlers\FileHandler' driver.
DEBUG - 2026-06-02 19:39:42 --> Session: Class initialized using 'CodeIgniter\Session\Handlers\FileHandler' driver.
DEBUG - 2026-06-02 19:39:43 --> Session: Class initialized using 'CodeIgniter\Session\Handlers\FileHandler' driver.
DEBUG - 2026-06-02 19:46:07 --> Session: Class initialized using 'CodeIgniter\Session\Handlers\FileHandler' driver.
DEBUG - 2026-06-02 19:46:13 --> Session: Class initialized using 'CodeIgniter\Session\Handlers\FileHandler' driver.
INFO - 2026-06-02 19:46:15 --> CSRF token verified.
DEBUG - 2026-06-02 19:46:15 --> Session: Class initialized using 'CodeIgniter\Session\Handlers\FileHandler' driver.
DEBUG - 2026-06-02 19:46:16 --> Session: Class initialized using 'CodeIgniter\Session\Handlers\FileHandler' driver.
INFO - 2026-06-02 19:46:17 --> CSRF token verified.
DEBUG - 2026-06-02 19:46:17 --> Session: Class initialized using 'CodeIgniter\Session\Handlers\FileHandler' driver.
DEBUG - 2026-06-02 19:46:17 --> Session: Class initialized using 'CodeIgniter\Session\Handlers\FileHandler' driver.
DEBUG - 2026-06-02 19:46:19 --> Session: Class initialized using 'CodeIgniter\Session\Handlers\FileHandler' driver.
DEBUG - 2026-06-02 19:47:09 --> Session: Class initialized using 'CodeIgniter\Session\Handlers\FileHandler' driver.
DEBUG - 2026-06-02 19:48:31 --> Session: Class initialized using 'CodeIgniter\Session\Handlers\FileHandler' driver.
INFO - 2026-06-02 19:48:32 --> CSRF token verified.
DEBUG - 2026-06-02 19:48:32 --> Session: Class initialized using 'CodeIgniter\Session\Handlers\FileHandler' driver.
DEBUG - 2026-06-02 19:48:32 --> Session: Class initialized using 'CodeIgniter\Session\Handlers\FileHandler' driver.
DEBUG - 2026-06-02 19:50:43 --> Session: Class initialized using 'CodeIgniter\Session\Handlers\FileHandler' driver.
DEBUG - 2026-06-02 19:50:58 --> Session: Class initialized using 'CodeIgniter\Session\Handlers\FileHandler' driver.
DEBUG - 2026-06-02 19:50:59 --> Session: Class initialized using 'CodeIgniter\Session\Handlers\FileHandler' driver.
DEBUG - 2026-06-02 19:51:47 --> Session: Class initialized using 'CodeIgniter\Session\Handlers\FileHandler' driver.
DEBUG - 2026-06-02 19:51:50 --> Session: Class initialized using 'CodeIgniter\Session\Handlers\FileHandler' driver.
DEBUG - 2026-06-02 19:51:53 --> Session: Class initialized using 'CodeIgniter\Session\Handlers\FileHandler' driver.
DEBUG - 2026-06-02 19:51:55 --> Session: Class initialized using 'CodeIgniter\Session\Handlers\FileHandler' driver.
DEBUG - 2026-06-02 19:51:55 --> Session: Class initialized using 'CodeIgniter\Session\Handlers\FileHandler' driver.
DEBUG - 2026-06-02 19:51:57 --> Session: Class initialized using 'CodeIgniter\Session\Handlers\FileHandler' driver.
INFO - 2026-06-02 19:52:18 --> CSRF token verified.
DEBUG - 2026-06-02 19:52:18 --> Session: Class initialized using 'CodeIgniter\Session\Handlers\FileHandler' driver.
DEBUG - 2026-06-02 19:52:18 --> Session: Class initialized using 'CodeIgniter\Session\Handlers\FileHandler' driver.
INFO - 2026-06-02 19:52:20 --> CSRF token verified.
DEBUG - 2026-06-02 19:52:20 --> Session: Class initialized using 'CodeIgniter\Session\Handlers\FileHandler' driver.
DEBUG - 2026-06-02 19:52:20 --> Session: Class initialized using 'CodeIgniter\Session\Handlers\FileHandler' driver.
DEBUG - 2026-06-02 19:52:44 --> Session: Class initialized using 'CodeIgniter\Session\Handlers\FileHandler' driver.
DEBUG - 2026-06-02 19:52:45 --> Session: Class initialized using 'CodeIgniter\Session\Handlers\FileHandler' driver.
DEBUG - 2026-06-02 19:53:50 --> Session: Class initialized using 'CodeIgniter\Session\Handlers\FileHandler' driver.
DEBUG - 2026-06-02 19:53:51 --> Session: Class initialized using 'CodeIgniter\Session\Handlers\FileHandler' driver.
DEBUG - 2026-06-02 19:53:52 --> Session: Class initialized using 'CodeIgniter\Session\Handlers\FileHandler' driver.
DEBUG - 2026-06-02 19:53:54 --> Session: Class initialized using 'CodeIgniter\Session\Handlers\FileHandler' driver.
DEBUG - 2026-06-02 19:55:48 --> Session: Class initialized using 'CodeIgniter\Session\Handlers\FileHandler' driver.
DEBUG - 2026-06-02 19:55:49 --> Session: Class initialized using 'CodeIgniter\Session\Handlers\FileHandler' driver.
DEBUG - 2026-06-02 19:55:50 --> Session: Class initialized using 'CodeIgniter\Session\Handlers\FileHandler' driver.
DEBUG - 2026-06-02 19:55:51 --> Session: Class initialized using 'CodeIgniter\Session\Handlers\FileHandler' driver.
DEBUG - 2026-06-02 19:59:04 --> Session: Class initialized using 'CodeIgniter\Session\Handlers\FileHandler' driver.
DEBUG - 2026-06-02 19:59:06 --> Session: Class initialized using 'CodeIgniter\Session\Handlers\FileHandler' driver.
DEBUG - 2026-06-02 19:59:06 --> Session: Class initialized using 'CodeIgniter\Session\Handlers\FileHandler' driver.
DEBUG - 2026-06-02 19:59:07 --> Session: Class initialized using 'CodeIgniter\Session\Handlers\FileHandler' driver.
DEBUG - 2026-06-02 19:59:09 --> Session: Class initialized using 'CodeIgniter\Session\Handlers\FileHandler' driver.
DEBUG - 2026-06-02 19:59:10 --> Session: Class initialized using 'CodeIgniter\Session\Handlers\FileHandler' driver.
DEBUG - 2026-06-02 19:59:56 --> Session: Class initialized using 'CodeIgniter\Session\Handlers\FileHandler' driver.
DEBUG - 2026-06-02 20:00:40 --> Session: Class initialized using 'CodeIgniter\Session\Handlers\FileHandler' driver.
DEBUG - 2026-06-02 20:01:36 --> Session: Class initialized using 'CodeIgniter\Session\Handlers\FileHandler' driver.
DEBUG - 2026-06-02 20:01:36 --> Session: Class initialized using 'CodeIgniter\Session\Handlers\FileHandler' driver.
